Case #1: 1
Case #2: 4 5 3 7 6 2 8 1
Case #3: 1 2 3 6 5 7 8 9 10 11 12 13 14 15 16 4 17 18 19 20
Case #4: 1 4 3 5 6 7 8 2 9 10 11
Case #5: 5 4 3 1 7 6 5
Case #6: 7 2 1 4 10 11 9 12 7 9 6 8 10 5 7 6 9 19 20 8
Case #7: 3 1 3 4 6 5
Case #8: 2 6 5 9 1 4 3 8 2 14 4 13 12 16 11 15 10 14 19 20
Case #9: 1 2 5 4 6 7 8 9 10 11 3 12 13 14 15 16 17 18 19 20
Case #10: 20 19 18 17 16 15 14 13 12 11 10 9 8 7 6 5 4 3 2 1
Case #11: 1 2 4 5 6 8 9 12 14 15 16 18 17 13 11 10 7 3
Case #12: 1 2 3 4 5 6 7 10 9 11 8 12 13 14 15 16 17 18 19 20
Case #13: 5 4 3 2 1 6 7 8
Case #14: 8 7 6 5 4 3 2 1 9 10 11 12 13 14 15 16 17
Case #15: 1 2 3 4 5 6 9 8 10 11 12 13 14 15 7 16 17 18 19 20
Case #16: 5 9 7 9 11 10 1 6 9 5 4 14 15 3 5 6 13 2 14 13
Case #17: 1 3 4 5 6 7 8 9 10 11 2 3 4 5 7 8 9 10 19 20
Case #18: 8 7 6 5 4 3 2 1 9 10 11 12 13 14 15
Case #19: 7 8 9 10 6 5 4 3 2 1 2 3 4 14 20 19 18 17 16 15
Case #20: 3 2 4 6 5 8 9 1 7 3
Case #21: 5 4 3 2 1 6 7 8 9 10 11 12 13
Case #22: 1 4 3 5 6 7 8 9 2 10 11 12 13 14 15 16 17 18 19 20
Case #23: 2 3 4 5 6 7 8 9 10 1 2 4 5 6 7 8 9 18 19 20
Case #24: 1 2 3 4 5 8 7 9 10 11 12 13 14 6
Case #25: 8 9 10 11 12 13 7 6 5 4 3 2 1 2 3 4 9 8 6 5
Case #26: 3 2 4 1 5 6 7 8 9 10 11 12 13 14 15 16 17 18 19 20
Case #27: 9 10 11 12 13 14 8 7 6 5 4 3 2 1 2 19 7 6 3
Case #28: 1 2 3 4 5 6 7 8 11 10 12 13 14 15 16 17 9 18 19 20
Case #29: 1 2 3 4 6 7 8 9 10 11 12 13 14 5 8 9 10 12 13 20
Case #30: 2 3 4 5 6 7 8 9 10 11 12 1 2 3 4 5 6 7 9 10
