Case #1:
10000000000011111 3 4 5 6 7 8 9 10 11
10000000000110111 3 4 5 6 7 8 9 10 11
10000000001100111 3 4 5 6 7 8 9 10 11
10000000011000111 3 4 5 6 7 8 9 10 11
10000000110000111 3 4 5 6 7 8 9 10 11
10000001100000111 3 4 5 6 7 8 9 10 11
10000011000000111 3 4 5 6 7 8 9 10 11
10000110000000111 3 4 5 6 7 8 9 10 11
10001100000000111 3 4 5 6 7 8 9 10 11
10011000000000111 3 4 5 6 7 8 9 10 11
10110000000000111 3 4 5 6 7 8 9 10 11
10000000000111101 3 4 5 6 7 8 9 10 11
10000000001101101 3 4 5 6 7 8 9 10 11
10000000011001101 3 4 5 6 7 8 9 10 11
10000000110001101 3 4 5 6 7 8 9 10 11
10000001100001101 3 4 5 6 7 8 9 10 11
10000011000001101 3 4 5 6 7 8 9 10 11
10000110000001101 3 4 5 6 7 8 9 10 11
10001100000001101 3 4 5 6 7 8 9 10 11
10011000000001101 3 4 5 6 7 8 9 10 11
10110000000001101 3 4 5 6 7 8 9 10 11
10000000001111001 3 4 5 6 7 8 9 10 11
10000000011011001 3 4 5 6 7 8 9 10 11
10000000110011001 3 4 5 6 7 8 9 10 11
10000001100011001 3 4 5 6 7 8 9 10 11
10000011000011001 3 4 5 6 7 8 9 10 11
10000110000011001 3 4 5 6 7 8 9 10 11
10001100000011001 3 4 5 6 7 8 9 10 11
10011000000011001 3 4 5 6 7 8 9 10 11
10110000000011001 3 4 5 6 7 8 9 10 11
10000000011110001 3 4 5 6 7 8 9 10 11
10000000110110001 3 4 5 6 7 8 9 10 11
10000001100110001 3 4 5 6 7 8 9 10 11
10000011000110001 3 4 5 6 7 8 9 10 11
10000110000110001 3 4 5 6 7 8 9 10 11
10001100000110001 3 4 5 6 7 8 9 10 11
10011000000110001 3 4 5 6 7 8 9 10 11
10110000000110001 3 4 5 6 7 8 9 10 11
10000000111100001 3 4 5 6 7 8 9 10 11
10000001101100001 3 4 5 6 7 8 9 10 11
10000011001100001 3 4 5 6 7 8 9 10 11
10000110001100001 3 4 5 6 7 8 9 10 11
10001100001100001 3 4 5 6 7 8 9 10 11
10011000001100001 3 4 5 6 7 8 9 10 11
10110000001100001 3 4 5 6 7 8 9 10 11
10000001111000001 3 4 5 6 7 8 9 10 11
10000011011000001 3 4 5 6 7 8 9 10 11
10000110011000001 3 4 5 6 7 8 9 10 11
10001100011000001 3 4 5 6 7 8 9 10 11
10011000011000001 3 4 5 6 7 8 9 10 11
